  Building Custom Rule C:/Users/Admin/Desktop/2022-Student/Programming2022-2023/Algebra-of-polynomials/Algebra-of-Polynomials/CMakeLists.txt
  Form.cpp
C:\Users\Admin\Desktop\2022-Student\Programming2022-2023\Algebra-of-polynomials\Algebra-of-Polynomials\libs\win_form\Form.cpp(2,25): error C2039: "Windows": не является членом "System".
C:\Users\Admin\Desktop\2022-Student\Programming2022-2023\Algebra-of-polynomials\Algebra-of-Polynomials\libs\win_form\Form.cpp(2,25): error C3083: Windows: символ слева от "::" должен представлять тип
C:\Users\Admin\Desktop\2022-Student\Programming2022-2023\Algebra-of-polynomials\Algebra-of-Polynomials\libs\win_form\Form.cpp(2,34): error C2039: "Forms": не является членом "System".
C:\Users\Admin\Desktop\2022-Student\Programming2022-2023\Algebra-of-polynomials\Algebra-of-Polynomials\libs\win_form\Form.cpp(2,39): error C2871: Forms: пространство имен с таким именем не существует
C:\Users\Admin\Desktop\2022-Student\Programming2022-2023\Algebra-of-polynomials\Algebra-of-Polynomials\libs\win_form\Form.cpp(5,1): error C2504: Form: не определен базовый класс
C:\Users\Admin\Desktop\2022-Student\Programming2022-2023\Algebra-of-polynomials\Algebra-of-Polynomials\libs\win_form\Form.cpp(9,1): error C2882: Text: недопустимое использование идентификатора пространства имен в выражении
C:\Users\Admin\Desktop\2022-Student\Programming2022-2023\Algebra-of-polynomials\Algebra-of-Polynomials\libs\win_form\Form.cpp(10,9): error C2065: Button: необъявленный идентификатор
C:\Users\Admin\Desktop\2022-Student\Programming2022-2023\Algebra-of-polynomials\Algebra-of-Polynomials\libs\win_form\Form.cpp(10,17): error C2065: button: необъявленный идентификатор
C:\Users\Admin\Desktop\2022-Student\Programming2022-2023\Algebra-of-polynomials\Algebra-of-Polynomials\libs\win_form\Form.cpp(10,32): error C2061: синтаксическая ошибка: идентификатор "Button"
C:\Users\Admin\Desktop\2022-Student\Programming2022-2023\Algebra-of-polynomials\Algebra-of-Polynomials\libs\win_form\Form.cpp(11,9): error C2065: button: необъявленный идентификатор
C:\Users\Admin\Desktop\2022-Student\Programming2022-2023\Algebra-of-polynomials\Algebra-of-Polynomials\libs\win_form\Form.cpp(12,15): error C2039: "Controls": не является членом "MyForm".
C:\Users\Admin\Desktop\2022-Student\Programming2022-2023\Algebra-of-polynomials\Algebra-of-Polynomials\libs\win_form\Form.cpp(4): message : см. объявление "MyForm"
C:\Users\Admin\Desktop\2022-Student\Programming2022-2023\Algebra-of-polynomials\Algebra-of-Polynomials\libs\win_form\Form.cpp(12,29): error C2065: button: необъявленный идентификатор
C:\Users\Admin\Desktop\2022-Student\Programming2022-2023\Algebra-of-polynomials\Algebra-of-Polynomials\libs\win_form\Form.cpp(18,5): error C2653: Application: не является именем класса или пространства имен
C:\Users\Admin\Desktop\2022-Student\Programming2022-2023\Algebra-of-polynomials\Algebra-of-Polynomials\libs\win_form\Form.cpp(18,18): error C3861: EnableVisualStyles: идентификатор не найден
C:\Users\Admin\Desktop\2022-Student\Programming2022-2023\Algebra-of-polynomials\Algebra-of-Polynomials\libs\win_form\Form.cpp(19,5): error C2653: Application: не является именем класса или пространства имен
C:\Users\Admin\Desktop\2022-Student\Programming2022-2023\Algebra-of-polynomials\Algebra-of-Polynomials\libs\win_form\Form.cpp(19,18): error C3861: SetCompatibleTextRenderingDefault: идентификатор не найден
C:\Users\Admin\Desktop\2022-Student\Programming2022-2023\Algebra-of-polynomials\Algebra-of-Polynomials\libs\win_form\Form.cpp(23,5): error C2653: Application: не является именем класса или пространства имен
C:\Users\Admin\Desktop\2022-Student\Programming2022-2023\Algebra-of-polynomials\Algebra-of-Polynomials\libs\win_form\Form.cpp(23,18): error C3861: Run: идентификатор не найден
