  Building Custom Rule C:/Users/sasch/OneDrive/Рабочий стол/Programs/Learning/Прога/Algebra-of-polynomials/Algebra-of-Polynomials/libs/polynomial/CMakeLists.txt
  polynomial.cpp
C:\Users\sasch\OneDrive\Рабочий стол\Programs\Learning\Прога\Algebra-of-polynomials\Algebra-of-Polynomials\libs\polynomial\../polynomial/polynomial.h(17,16): error C2061: синтаксическая ошибка: идентификатор "CList"
C:\Users\sasch\OneDrive\Рабочий стол\Programs\Learning\Прога\Algebra-of-polynomials\Algebra-of-Polynomials\libs\polynomial\../polynomial/polynomial.h(17,15): error C2535: Polynomial::Polynomial(void): функция-член уже определена или объявлена
C:\Users\sasch\OneDrive\Рабочий стол\Programs\Learning\Прога\Algebra-of-polynomials\Algebra-of-Polynomials\libs\polynomial\../polynomial/polynomial.h(15): message : см. объявление "Polynomial::Polynomial"
C:\Users\sasch\OneDrive\Рабочий стол\Programs\Learning\Прога\Algebra-of-polynomials\Algebra-of-Polynomials\libs\polynomial\../polynomial/polynomial.h(42,10): error C2143: синтаксическая ошибка: отсутствие ";" перед "<"
C:\Users\sasch\OneDrive\Рабочий стол\Programs\Learning\Прога\Algebra-of-polynomials\Algebra-of-Polynomials\libs\polynomial\../polynomial/polynomial.h(42,10): error C4430: отсутствует спецификатор типа - предполагается int. Примечание. C++ не поддерживает int по умолчанию
C:\Users\sasch\OneDrive\Рабочий стол\Programs\Learning\Прога\Algebra-of-polynomials\Algebra-of-Polynomials\libs\polynomial\../polynomial/polynomial.h(42,25): error C2238: непредвиденные лексемы перед ";"
C:\Users\sasch\OneDrive\Рабочий стол\Programs\Learning\Прога\Algebra-of-polynomials\Algebra-of-Polynomials\libs\polynomial\polynomial.cpp(9,13): error C2084: функция "Polynomial::Polynomial(void)" уже имеет текст реализации
C:\Users\sasch\OneDrive\Рабочий стол\Programs\Learning\Прога\Algebra-of-polynomials\Algebra-of-Polynomials\libs\polynomial\../polynomial/polynomial.h(15): message : см. предыдущее определение "{ctor}"
C:\Users\sasch\OneDrive\Рабочий стол\Programs\Learning\Прога\Algebra-of-polynomials\Algebra-of-Polynomials\libs\polynomial\polynomial.cpp(11,11): error C2039: "list": не является членом "Polynomial".
C:\Users\sasch\OneDrive\Рабочий стол\Programs\Learning\Прога\Algebra-of-polynomials\Algebra-of-Polynomials\libs\polynomial\../polynomial/polynomial.h(13): message : см. объявление "Polynomial"
C:\Users\sasch\OneDrive\Рабочий стол\Programs\Learning\Прога\Algebra-of-polynomials\Algebra-of-Polynomials\libs\polynomial\polynomial.cpp(16,11): error C2039: "list": не является членом "Polynomial".
C:\Users\sasch\OneDrive\Рабочий стол\Programs\Learning\Прога\Algebra-of-polynomials\Algebra-of-Polynomials\libs\polynomial\../polynomial/polynomial.h(13): message : см. объявление "Polynomial"
C:\Users\sasch\OneDrive\Рабочий стол\Programs\Learning\Прога\Algebra-of-polynomials\Algebra-of-Polynomials\libs\polynomial\polynomial.cpp(16,30): error C2039: "list": не является членом "Polynomial".
C:\Users\sasch\OneDrive\Рабочий стол\Programs\Learning\Прога\Algebra-of-polynomials\Algebra-of-Polynomials\libs\polynomial\../polynomial/polynomial.h(13): message : см. объявление "Polynomial"
C:\Users\sasch\OneDrive\Рабочий стол\Programs\Learning\Прога\Algebra-of-polynomials\Algebra-of-Polynomials\libs\polynomial\polynomial.cpp(20,29): error C2143: синтаксическая ошибка: отсутствие ")" перед "<"
C:\Users\sasch\OneDrive\Рабочий стол\Programs\Learning\Прога\Algebra-of-polynomials\Algebra-of-Polynomials\libs\polynomial\polynomial.cpp(20,29): error C2143: синтаксическая ошибка: отсутствие ";" перед "<"
C:\Users\sasch\OneDrive\Рабочий стол\Programs\Learning\Прога\Algebra-of-polynomials\Algebra-of-Polynomials\libs\polynomial\polynomial.cpp(20,29): error C2761: "{ctor}": повторное объявление члена запрещено.
C:\Users\sasch\OneDrive\Рабочий стол\Programs\Learning\Прога\Algebra-of-polynomials\Algebra-of-Polynomials\libs\polynomial\polynomial.cpp(20,29): error C2059: синтаксическая ошибка: <
C:\Users\sasch\OneDrive\Рабочий стол\Programs\Learning\Прога\Algebra-of-polynomials\Algebra-of-Polynomials\libs\polynomial\polynomial.cpp(20,45): error C2059: синтаксическая ошибка: )
C:\Users\sasch\OneDrive\Рабочий стол\Programs\Learning\Прога\Algebra-of-polynomials\Algebra-of-Polynomials\libs\polynomial\polynomial.cpp(20,47): error C2143: синтаксическая ошибка: отсутствие ";" перед "{"
C:\Users\sasch\OneDrive\Рабочий стол\Programs\Learning\Прога\Algebra-of-polynomials\Algebra-of-Polynomials\libs\polynomial\polynomial.cpp(20,47): error C2447: {: отсутствует заголовок функции (возможно, используется формальный список старого типа)
C:\Users\sasch\OneDrive\Рабочий стол\Programs\Learning\Прога\Algebra-of-polynomials\Algebra-of-Polynomials\libs\polynomial\polynomial.cpp(25,25): error C2511: Polynomial &Polynomial::operator =(Polynomial &): перегруженная функция-член не найдена в "Polynomial"
C:\Users\sasch\OneDrive\Рабочий стол\Programs\Learning\Прога\Algebra-of-polynomials\Algebra-of-Polynomials\libs\polynomial\../polynomial/polynomial.h(13): message : см. объявление "Polynomial"
C:\Users\sasch\OneDrive\Рабочий стол\Programs\Learning\Прога\Algebra-of-polynomials\Algebra-of-Polynomials\libs\polynomial\polynomial.cpp(26,5): error C2671: Polynomial::=: статические функции-члены не имеют указателей "this"
C:\Users\sasch\OneDrive\Рабочий стол\Programs\Learning\Прога\Algebra-of-polynomials\Algebra-of-Polynomials\libs\polynomial\polynomial.cpp(26,30): error C2039: "list": не является членом "Polynomial".
C:\Users\sasch\OneDrive\Рабочий стол\Programs\Learning\Прога\Algebra-of-polynomials\Algebra-of-Polynomials\libs\polynomial\../polynomial/polynomial.h(13): message : см. объявление "Polynomial"
C:\Users\sasch\OneDrive\Рабочий стол\Programs\Learning\Прога\Algebra-of-polynomials\Algebra-of-Polynomials\libs\polynomial\polynomial.cpp(27,13): error C2671: Polynomial::=: статические функции-члены не имеют указателей "this"
C:\Users\sasch\OneDrive\Рабочий стол\Programs\Learning\Прога\Algebra-of-polynomials\Algebra-of-Polynomials\libs\polynomial\polynomial.cpp(33,31): error C2039: "list": не является членом "Polynomial".
C:\Users\sasch\OneDrive\Рабочий стол\Programs\Learning\Прога\Algebra-of-polynomials\Algebra-of-Polynomials\libs\polynomial\../polynomial/polynomial.h(13): message : см. объявление "Polynomial"
C:\Users\sasch\OneDrive\Рабочий стол\Programs\Learning\Прога\Algebra-of-polynomials\Algebra-of-Polynomials\libs\polynomial\polynomial.cpp(34,21): error C2039: "list": не является членом "Polynomial".
C:\Users\sasch\OneDrive\Рабочий стол\Programs\Learning\Прога\Algebra-of-polynomials\Algebra-of-Polynomials\libs\polynomial\../polynomial/polynomial.h(13): message : см. объявление "Polynomial"
C:\Users\sasch\OneDrive\Рабочий стол\Programs\Learning\Прога\Algebra-of-polynomials\Algebra-of-Polynomials\libs\polynomial\polynomial.cpp(35,23): error C2039: "list": не является членом "Polynomial".
C:\Users\sasch\OneDrive\Рабочий стол\Programs\Learning\Прога\Algebra-of-polynomials\Algebra-of-Polynomials\libs\polynomial\../polynomial/polynomial.h(13): message : см. объявление "Polynomial"
C:\Users\sasch\OneDrive\Рабочий стол\Programs\Learning\Прога\Algebra-of-polynomials\Algebra-of-Polynomials\libs\polynomial\polynomial.cpp(43,18): error C2511: bool Polynomial::operator ==(Polynomial): перегруженная функция-член не найдена в "Polynomial"
C:\Users\sasch\OneDrive\Рабочий стол\Programs\Learning\Прога\Algebra-of-polynomials\Algebra-of-Polynomials\libs\polynomial\../polynomial/polynomial.h(13): message : см. объявление "Polynomial"
C:\Users\sasch\OneDrive\Рабочий стол\Programs\Learning\Прога\Algebra-of-polynomials\Algebra-of-Polynomials\libs\polynomial\polynomial.cpp(44,12): error C2671: Polynomial::==: статические функции-члены не имеют указателей "this"
C:\Users\sasch\OneDrive\Рабочий стол\Programs\Learning\Прога\Algebra-of-polynomials\Algebra-of-Polynomials\libs\polynomial\polynomial.cpp(44,38): error C2039: "list": не является членом "Polynomial".
C:\Users\sasch\OneDrive\Рабочий стол\Programs\Learning\Прога\Algebra-of-polynomials\Algebra-of-Polynomials\libs\polynomial\../polynomial/polynomial.h(13): message : см. объявление "Polynomial"
C:\Users\sasch\OneDrive\Рабочий стол\Programs\Learning\Прога\Algebra-of-polynomials\Algebra-of-Polynomials\libs\polynomial\polynomial.cpp(48,18): error C2511: bool Polynomial::operator !=(Polynomial): перегруженная функция-член не найдена в "Polynomial"
C:\Users\sasch\OneDrive\Рабочий стол\Programs\Learning\Прога\Algebra-of-polynomials\Algebra-of-Polynomials\libs\polynomial\../polynomial/polynomial.h(13): message : см. объявление "Polynomial"
C:\Users\sasch\OneDrive\Рабочий стол\Programs\Learning\Прога\Algebra-of-polynomials\Algebra-of-Polynomials\libs\polynomial\polynomial.cpp(49,12): error C2671: Polynomial::!=: статические функции-члены не имеют указателей "this"
C:\Users\sasch\OneDrive\Рабочий стол\Programs\Learning\Прога\Algebra-of-polynomials\Algebra-of-Polynomials\libs\polynomial\polynomial.cpp(49,38): error C2039: "list": не является членом "Polynomial".
C:\Users\sasch\OneDrive\Рабочий стол\Programs\Learning\Прога\Algebra-of-polynomials\Algebra-of-Polynomials\libs\polynomial\../polynomial/polynomial.h(13): message : см. объявление "Polynomial"
C:\Users\sasch\OneDrive\Рабочий стол\Programs\Learning\Прога\Algebra-of-polynomials\Algebra-of-Polynomials\libs\polynomial\polynomial.cpp(53,20): error C2511: double Polynomial::findResult(double,double,double): перегруженная функция-член не найдена в "Polynomial"
C:\Users\sasch\OneDrive\Рабочий стол\Programs\Learning\Прога\Algebra-of-polynomials\Algebra-of-Polynomials\libs\polynomial\../polynomial/polynomial.h(13): message : см. объявление "Polynomial"
C:\Users\sasch\OneDrive\Рабочий стол\Programs\Learning\Прога\Algebra-of-polynomials\Algebra-of-Polynomials\libs\polynomial\polynomial.cpp(55,25): error C2671: Polynomial::findResult: статические функции-члены не имеют указателей "this"
C:\Users\sasch\OneDrive\Рабочий стол\Programs\Learning\Прога\Algebra-of-polynomials\Algebra-of-Polynomials\libs\polynomial\polynomial.cpp(56,19): error C2671: Polynomial::findResult: статические функции-члены не имеют указателей "this"
C:\Users\sasch\OneDrive\Рабочий стол\Programs\Learning\Прога\Algebra-of-polynomials\Algebra-of-Polynomials\libs\polynomial\polynomial.cpp(57,21): error C2671: Polynomial::findResult: статические функции-члены не имеют указателей "this"
C:\Users\sasch\OneDrive\Рабочий стол\Programs\Learning\Прога\Algebra-of-polynomials\Algebra-of-Polynomials\libs\polynomial\polynomial.cpp(57,49): error C2661: pow: нет перегруженной функции, принимающей 1 аргументов
C:\Users\sasch\OneDrive\Рабочий стол\Programs\Learning\Прога\Algebra-of-polynomials\Algebra-of-Polynomials\libs\polynomial\polynomial.cpp(58,21): error C2671: Polynomial::findResult: статические функции-члены не имеют указателей "this"
C:\Users\sasch\OneDrive\Рабочий стол\Programs\Learning\Прога\Algebra-of-polynomials\Algebra-of-Polynomials\libs\polynomial\polynomial.cpp(58,49): error C2661: pow: нет перегруженной функции, принимающей 1 аргументов
C:\Users\sasch\OneDrive\Рабочий стол\Programs\Learning\Прога\Algebra-of-polynomials\Algebra-of-Polynomials\libs\polynomial\polynomial.cpp(59,21): error C2671: Polynomial::findResult: статические функции-члены не имеют указателей "this"
C:\Users\sasch\OneDrive\Рабочий стол\Programs\Learning\Прога\Algebra-of-polynomials\Algebra-of-Polynomials\libs\polynomial\polynomial.cpp(59,49): error C2661: pow: нет перегруженной функции, принимающей 1 аргументов
C:\Users\sasch\OneDrive\Рабочий стол\Programs\Learning\Прога\Algebra-of-polynomials\Algebra-of-Polynomials\libs\polynomial\polynomial.cpp(69,9): error C2065: CMonomial: необъявленный идентификатор
C:\Users\sasch\OneDrive\Рабочий стол\Programs\Learning\Прога\Algebra-of-polynomials\Algebra-of-Polynomials\libs\polynomial\polynomial.cpp(69,19): error C2146: синтаксическая ошибка: отсутствие ";" перед идентификатором "monomial"
C:\Users\sasch\OneDrive\Рабочий стол\Programs\Learning\Прога\Algebra-of-polynomials\Algebra-of-Polynomials\libs\polynomial\polynomial.cpp(69,19): error C3861: monomial: идентификатор не найден
C:\Users\sasch\OneDrive\Рабочий стол\Programs\Learning\Прога\Algebra-of-polynomials\Algebra-of-Polynomials\libs\polynomial\polynomial.cpp(70,15): error C2039: "list": не является членом "Polynomial".
C:\Users\sasch\OneDrive\Рабочий стол\Programs\Learning\Прога\Algebra-of-polynomials\Algebra-of-Polynomials\libs\polynomial\../polynomial/polynomial.h(13): message : см. объявление "Polynomial"
C:\Users\sasch\OneDrive\Рабочий стол\Programs\Learning\Прога\Algebra-of-polynomials\Algebra-of-Polynomials\libs\polynomial\polynomial.cpp(70,30): error C2065: monomial: необъявленный идентификатор
C:\Users\sasch\OneDrive\Рабочий стол\Programs\Learning\Прога\Algebra-of-polynomials\Algebra-of-Polynomials\libs\polynomial\polynomial.cpp(75,24): error C2511: Polynomial Polynomial::operator +(Monomial): перегруженная функция-член не найдена в "Polynomial"
C:\Users\sasch\OneDrive\Рабочий стол\Programs\Learning\Прога\Algebra-of-polynomials\Algebra-of-Polynomials\libs\polynomial\../polynomial/polynomial.h(13): message : см. объявление "Polynomial"
C:\Users\sasch\OneDrive\Рабочий стол\Programs\Learning\Прога\Algebra-of-polynomials\Algebra-of-Polynomials\libs\polynomial\polynomial.cpp(76,22): error C2264: Polynomial::Polynomial: ошибка в определении или объявлении функции; функция не вызвана
C:\Users\sasch\OneDrive\Рабочий стол\Programs\Learning\Прога\Algebra-of-polynomials\Algebra-of-Polynomials\libs\polynomial\polynomial.cpp(77,12): error C2039: "list": не является членом "Polynomial".
C:\Users\sasch\OneDrive\Рабочий стол\Programs\Learning\Прога\Algebra-of-polynomials\Algebra-of-Polynomials\libs\polynomial\../polynomial/polynomial.h(13): message : см. объявление "Polynomial"
C:\Users\sasch\OneDrive\Рабочий стол\Programs\Learning\Прога\Algebra-of-polynomials\Algebra-of-Polynomials\libs\polynomial\polynomial.cpp(77,19): error C2671: Polynomial::+: статические функции-члены не имеют указателей "this"
C:\Users\sasch\OneDrive\Рабочий стол\Programs\Learning\Прога\Algebra-of-polynomials\Algebra-of-Polynomials\libs\polynomial\polynomial.cpp(79,32): error C2039: "list": не является членом "Polynomial".
C:\Users\sasch\OneDrive\Рабочий стол\Programs\Learning\Прога\Algebra-of-polynomials\Algebra-of-Polynomials\libs\polynomial\../polynomial/polynomial.h(13): message : см. объявление "Polynomial"
C:\Users\sasch\OneDrive\Рабочий стол\Programs\Learning\Прога\Algebra-of-polynomials\Algebra-of-Polynomials\libs\polynomial\polynomial.cpp(80,20): error C2039: "list": не является членом "Polynomial".
C:\Users\sasch\OneDrive\Рабочий стол\Programs\Learning\Прога\Algebra-of-polynomials\Algebra-of-Polynomials\libs\polynomial\../polynomial/polynomial.h(13): message : см. объявление "Polynomial"
C:\Users\sasch\OneDrive\Рабочий стол\Programs\Learning\Прога\Algebra-of-polynomials\Algebra-of-Polynomials\libs\polynomial\polynomial.cpp(80,61): error C2039: "getVariableString": не является членом "Monomial".
C:\Users\sasch\OneDrive\Рабочий стол\Programs\Learning\Прога\Algebra-of-polynomials\Algebra-of-Polynomials\libs\polynomial\../monoms/monomial.h(7): message : см. объявление "Monomial"
C:\Users\sasch\OneDrive\Рабочий стол\Programs\Learning\Прога\Algebra-of-polynomials\Algebra-of-Polynomials\libs\polynomial\polynomial.cpp(81,20): error C2039: "list": не является членом "Polynomial".
C:\Users\sasch\OneDrive\Рабочий стол\Programs\Learning\Прога\Algebra-of-polynomials\Algebra-of-Polynomials\libs\polynomial\../polynomial/polynomial.h(13): message : см. объявление "Polynomial"
C:\Users\sasch\OneDrive\Рабочий стол\Programs\Learning\Прога\Algebra-of-polynomials\Algebra-of-Polynomials\libs\polynomial\polynomial.cpp(81,37): error C2039: "list": не является членом "Polynomial".
C:\Users\sasch\OneDrive\Рабочий стол\Programs\Learning\Прога\Algebra-of-polynomials\Algebra-of-Polynomials\libs\polynomial\../polynomial/polynomial.h(13): message : см. объявление "Polynomial"
C:\Users\sasch\OneDrive\Рабочий стол\Programs\Learning\Прога\Algebra-of-polynomials\Algebra-of-Polynomials\libs\polynomial\polynomial.cpp(86,16): error C2039: "list": не является членом "Polynomial".
C:\Users\sasch\OneDrive\Рабочий стол\Programs\Learning\Прога\Algebra-of-polynomials\Algebra-of-Polynomials\libs\polynomial\../polynomial/polynomial.h(13): message : см. объявление "Polynomial"
C:\Users\sasch\OneDrive\Рабочий стол\Programs\Learning\Прога\Algebra-of-polynomials\Algebra-of-Polynomials\libs\polynomial\polynomial.cpp(92,24): error C2511: Polynomial Polynomial::operator -(Monomial): перегруженная функция-член не найдена в "Polynomial"
C:\Users\sasch\OneDrive\Рабочий стол\Programs\Learning\Прога\Algebra-of-polynomials\Algebra-of-Polynomials\libs\polynomial\../polynomial/polynomial.h(13): message : см. объявление "Polynomial"
C:\Users\sasch\OneDrive\Рабочий стол\Programs\Learning\Прога\Algebra-of-polynomials\Algebra-of-Polynomials\libs\polynomial\polynomial.cpp(93,22): error C2264: Polynomial::Polynomial: ошибка в определении или объявлении функции; функция не вызвана
C:\Users\sasch\OneDrive\Рабочий стол\Programs\Learning\Прога\Algebra-of-polynomials\Algebra-of-Polynomials\libs\polynomial\polynomial.cpp(94,12): error C2039: "list": не является членом "Polynomial".
C:\Users\sasch\OneDrive\Рабочий стол\Programs\Learning\Прога\Algebra-of-polynomials\Algebra-of-Polynomials\libs\polynomial\../polynomial/polynomial.h(13): message : см. объявление "Polynomial"
C:\Users\sasch\OneDrive\Рабочий стол\Programs\Learning\Прога\Algebra-of-polynomials\Algebra-of-Polynomials\libs\polynomial\polynomial.cpp(94,19): error C2671: Polynomial::-: статические функции-члены не имеют указателей "this"
C:\Users\sasch\OneDrive\Рабочий стол\Programs\Learning\Прога\Algebra-of-polynomials\Algebra-of-Polynomials\libs\polynomial\polynomial.cpp(96,32): error C2039: "list": не является членом "Polynomial".
C:\Users\sasch\OneDrive\Рабочий стол\Programs\Learning\Прога\Algebra-of-polynomials\Algebra-of-Polynomials\libs\polynomial\../polynomial/polynomial.h(13): message : см. объявление "Polynomial"
C:\Users\sasch\OneDrive\Рабочий стол\Programs\Learning\Прога\Algebra-of-polynomials\Algebra-of-Polynomials\libs\polynomial\polynomial.cpp(97,20): error C2039: "list": не является членом "Polynomial".
C:\Users\sasch\OneDrive\Рабочий стол\Programs\Learning\Прога\Algebra-of-polynomials\Algebra-of-Polynomials\libs\polynomial\../polynomial/polynomial.h(13): message : см. объявление "Polynomial"
C:\Users\sasch\OneDrive\Рабочий стол\Programs\Learning\Прога\Algebra-of-polynomials\Algebra-of-Polynomials\libs\polynomial\polynomial.cpp(97,61): error C2039: "getVariableString": не является членом "Monomial".
C:\Users\sasch\OneDrive\Рабочий стол\Programs\Learning\Прога\Algebra-of-polynomials\Algebra-of-Polynomials\libs\polynomial\../monoms/monomial.h(7): message : см. объявление "Monomial"
C:\Users\sasch\OneDrive\Рабочий стол\Programs\Learning\Прога\Algebra-of-polynomials\Algebra-of-Polynomials\libs\polynomial\polynomial.cpp(98,20): error C2039: "list": не является членом "Polynomial".
C:\Users\sasch\OneDrive\Рабочий стол\Programs\Learning\Прога\Algebra-of-polynomials\Algebra-of-Polynomials\libs\polynomial\../polynomial/polynomial.h(13): message : см. объявление "Polynomial"
C:\Users\sasch\OneDrive\Рабочий стол\Programs\Learning\Прога\Algebra-of-polynomials\Algebra-of-Polynomials\libs\polynomial\polynomial.cpp(98,37): error C2039: "list": не является членом "Polynomial".
C:\Users\sasch\OneDrive\Рабочий стол\Programs\Learning\Прога\Algebra-of-polynomials\Algebra-of-Polynomials\libs\polynomial\../polynomial/polynomial.h(13): message : см. объявление "Polynomial"
C:\Users\sasch\OneDrive\Рабочий стол\Programs\Learning\Прога\Algebra-of-polynomials\Algebra-of-Polynomials\libs\polynomial\polynomial.cpp(103,19): error C2039: "setCoefficient": не является членом "Monomial".
C:\Users\sasch\OneDrive\Рабочий стол\Programs\Learning\Прога\Algebra-of-polynomials\Algebra-of-Polynomials\libs\polynomial\../monoms/monomial.h(7): message : см. объявление "Monomial"
C:\Users\sasch\OneDrive\Рабочий стол\Programs\Learning\Прога\Algebra-of-polynomials\Algebra-of-Polynomials\libs\polynomial\polynomial.cpp(103,45): error C2039: "getCoefficient": не является членом "Monomial".
C:\Users\sasch\OneDrive\Рабочий стол\Programs\Learning\Прога\Algebra-of-polynomials\Algebra-of-Polynomials\libs\polynomial\../monoms/monomial.h(7): message : см. объявление "Monomial"
C:\Users\sasch\OneDrive\Рабочий стол\Programs\Learning\Прога\Algebra-of-polynomials\Algebra-of-Polynomials\libs\polynomial\polynomial.cpp(104,16): error C2039: "list": не является членом "Polynomial".
C:\Users\sasch\OneDrive\Рабочий стол\Programs\Learning\Прога\Algebra-of-polynomials\Algebra-of-Polynomials\libs\polynomial\../polynomial/polynomial.h(13): message : см. объявление "Polynomial"
C:\Users\sasch\OneDrive\Рабочий стол\Programs\Learning\Прога\Algebra-of-polynomials\Algebra-of-Polynomials\libs\polynomial\polynomial.cpp(110,24): error C2511: Polynomial Polynomial::operator +(Polynomial): перегруженная функция-член не найдена в "Polynomial"
C:\Users\sasch\OneDrive\Рабочий стол\Programs\Learning\Прога\Algebra-of-polynomials\Algebra-of-Polynomials\libs\polynomial\../polynomial/polynomial.h(13): message : см. объявление "Polynomial"
C:\Users\sasch\OneDrive\Рабочий стол\Programs\Learning\Прога\Algebra-of-polynomials\Algebra-of-Polynomials\libs\polynomial\polynomial.cpp(111,22): error C2264: Polynomial::Polynomial: ошибка в определении или объявлении функции; функция не вызвана
C:\Users\sasch\OneDrive\Рабочий стол\Programs\Learning\Прога\Algebra-of-polynomials\Algebra-of-Polynomials\libs\polynomial\polynomial.cpp(112,12): error C2039: "list": не является членом "Polynomial".
C:\Users\sasch\OneDrive\Рабочий стол\Programs\Learning\Прога\Algebra-of-polynomials\Algebra-of-Polynomials\libs\polynomial\../polynomial/polynomial.h(13): message : см. объявление "Polynomial"
C:\Users\sasch\OneDrive\Рабочий стол\Programs\Learning\Прога\Algebra-of-polynomials\Algebra-of-Polynomials\libs\polynomial\polynomial.cpp(112,19): error C2671: Polynomial::+: статические функции-члены не имеют указателей "this"
C:\Users\sasch\OneDrive\Рабочий стол\Programs\Learning\Прога\Algebra-of-polynomials\Algebra-of-Polynomials\libs\polynomial\polynomial.cpp(113,37): error C2039: "list": не является членом "Polynomial".
C:\Users\sasch\OneDrive\Рабочий стол\Programs\Learning\Прога\Algebra-of-polynomials\Algebra-of-Polynomials\libs\polynomial\../polynomial/polynomial.h(13): message : см. объявление "Polynomial"
C:\Users\sasch\OneDrive\Рабочий стол\Programs\Learning\Прога\Algebra-of-polynomials\Algebra-of-Polynomials\libs\polynomial\polynomial.cpp(114,39): error C2039: "list": не является членом "Polynomial".
C:\Users\sasch\OneDrive\Рабочий стол\Programs\Learning\Прога\Algebra-of-polynomials\Algebra-of-Polynomials\libs\polynomial\../polynomial/polynomial.h(13): message : см. объявление "Polynomial"
C:\Users\sasch\OneDrive\Рабочий стол\Programs\Learning\Прога\Algebra-of-polynomials\Algebra-of-Polynomials\libs\polynomial\polynomial.cpp(120,24): error C2511: Polynomial Polynomial::operator -(Polynomial): перегруженная функция-член не найдена в "Polynomial"
C:\Users\sasch\OneDrive\Рабочий стол\Programs\Learning\Прога\Algebra-of-polynomials\Algebra-of-Polynomials\libs\polynomial\../polynomial/polynomial.h(13): message : см. объявление "Polynomial"
C:\Users\sasch\OneDrive\Рабочий стол\Programs\Learning\Прога\Algebra-of-polynomials\Algebra-of-Polynomials\libs\polynomial\polynomial.cpp(121,22): error C2264: Polynomial::Polynomial: ошибка в определении или объявлении функции; функция не вызвана
C:\Users\sasch\OneDrive\Рабочий стол\Programs\Learning\Прога\Algebra-of-polynomials\Algebra-of-Polynomials\libs\polynomial\polynomial.cpp(122,12): error C2039: "list": не является членом "Polynomial".
C:\Users\sasch\OneDrive\Рабочий стол\Programs\Learning\Прога\Algebra-of-polynomials\Algebra-of-Polynomials\libs\polynomial\../polynomial/polynomial.h(13): message : см. объявление "Polynomial"
C:\Users\sasch\OneDrive\Рабочий стол\Programs\Learning\Прога\Algebra-of-polynomials\Algebra-of-Polynomials\libs\polynomial\polynomial.cpp(122,19): error C2671: Polynomial::-: статические функции-члены не имеют указателей "this"
C:\Users\sasch\OneDrive\Рабочий стол\Programs\Learning\Прога\Algebra-of-polynomials\Algebra-of-Polynomials\libs\polynomial\polynomial.cpp(123,37): error C2039: "list": не является членом "Polynomial".
C:\Users\sasch\OneDrive\Рабочий стол\Programs\Learning\Прога\Algebra-of-polynomials\Algebra-of-Polynomials\libs\polynomial\../polynomial/polynomial.h(13): message : см. объявление "Polynomial"
C:\Users\sasch\OneDrive\Рабочий стол\Programs\Learning\Прога\Algebra-of-polynomials\Algebra-of-Polynomials\libs\polynomial\polynomial.cpp(124,39): error C2039: "list": не является членом "Polynomial".
C:\Users\sasch\OneDrive\Рабочий стол\Programs\Learning\Прога\Algebra-of-polynomials\Algebra-of-Polynomials\libs\polynomial\../polynomial/polynomial.h(13): message : см. объявление "Polynomial"
C:\Users\sasch\OneDrive\Рабочий стол\Programs\Learning\Прога\Algebra-of-polynomials\Algebra-of-Polynomials\libs\polynomial\polynomial.cpp(130,24): error C2511: Polynomial Polynomial::operator *(Monomial): перегруженная функция-член не найдена в "Polynomial"
C:\Users\sasch\OneDrive\Рабочий стол\Programs\Learning\Прога\Algebra-of-polynomials\Algebra-of-Polynomials\libs\polynomial\../polynomial/polynomial.h(13): message : см. объявление "Polynomial"
C:\Users\sasch\OneDrive\Рабочий стол\Programs\Learning\Прога\Algebra-of-polynomials\Algebra-of-Polynomials\libs\polynomial\polynomial.cpp(131,22): error C2264: Polynomial::Polynomial: ошибка в определении или объявлении функции; функция не вызвана
C:\Users\sasch\OneDrive\Рабочий стол\Programs\Learning\Прога\Algebra-of-polynomials\Algebra-of-Polynomials\libs\polynomial\polynomial.cpp(132,25): error C2671: Polynomial::*: статические функции-члены не имеют указателей "this"
C:\Users\sasch\OneDrive\Рабочий стол\Programs\Learning\Прога\Algebra-of-polynomials\Algebra-of-Polynomials\libs\polynomial\polynomial.cpp(133,32): error C2671: Polynomial::*: статические функции-члены не имеют указателей "this"
C:\Users\sasch\OneDrive\Рабочий стол\Programs\Learning\Прога\Algebra-of-polynomials\Algebra-of-Polynomials\libs\polynomial\polynomial.cpp(140,24): error C2511: Polynomial Polynomial::operator *(Polynomial): перегруженная функция-член не найдена в "Polynomial"
C:\Users\sasch\OneDrive\Рабочий стол\Programs\Learning\Прога\Algebra-of-polynomials\Algebra-of-Polynomials\libs\polynomial\../polynomial/polynomial.h(13): message : см. объявление "Polynomial"
C:\Users\sasch\OneDrive\Рабочий стол\Programs\Learning\Прога\Algebra-of-polynomials\Algebra-of-Polynomials\libs\polynomial\polynomial.cpp(141,22): error C2264: Polynomial::Polynomial: ошибка в определении или объявлении функции; функция не вызвана
C:\Users\sasch\OneDrive\Рабочий стол\Programs\Learning\Прога\Algebra-of-polynomials\Algebra-of-Polynomials\libs\polynomial\polynomial.cpp(142,25): error C2671: Polynomial::*: статические функции-члены не имеют указателей "this"
C:\Users\sasch\OneDrive\Рабочий стол\Programs\Learning\Прога\Algebra-of-polynomials\Algebra-of-Polynomials\libs\polynomial\polynomial.cpp(143,41): error C2039: "list": не является членом "Polynomial".
C:\Users\sasch\OneDrive\Рабочий стол\Programs\Learning\Прога\Algebra-of-polynomials\Algebra-of-Polynomials\libs\polynomial\../polynomial/polynomial.h(13): message : см. объявление "Polynomial"
C:\Users\sasch\OneDrive\Рабочий стол\Programs\Learning\Прога\Algebra-of-polynomials\Algebra-of-Polynomials\libs\polynomial\polynomial.cpp(144,36): error C2671: Polynomial::*: статические функции-члены не имеют указателей "this"
C:\Users\sasch\OneDrive\Рабочий стол\Programs\Learning\Прога\Algebra-of-polynomials\Algebra-of-Polynomials\libs\polynomial\polynomial.cpp(144,64): error C2039: "list": не является членом "Polynomial".
C:\Users\sasch\OneDrive\Рабочий стол\Programs\Learning\Прога\Algebra-of-polynomials\Algebra-of-Polynomials\libs\polynomial\../polynomial/polynomial.h(13): message : см. объявление "Polynomial"
C:\Users\sasch\OneDrive\Рабочий стол\Programs\Learning\Прога\Algebra-of-polynomials\Algebra-of-Polynomials\libs\polynomial\polynomial.cpp(152,24): error C2511: Polynomial Polynomial::operator /(Monomial): перегруженная функция-член не найдена в "Polynomial"
C:\Users\sasch\OneDrive\Рабочий стол\Programs\Learning\Прога\Algebra-of-polynomials\Algebra-of-Polynomials\libs\polynomial\../polynomial/polynomial.h(13): message : см. объявление "Polynomial"
C:\Users\sasch\OneDrive\Рабочий стол\Programs\Learning\Прога\Algebra-of-polynomials\Algebra-of-Polynomials\libs\polynomial\polynomial.cpp(153,22): error C2264: Polynomial::Polynomial: ошибка в определении или объявлении функции; функция не вызвана
C:\Users\sasch\OneDrive\Рабочий стол\Programs\Learning\Прога\Algebra-of-polynomials\Algebra-of-Polynomials\libs\polynomial\polynomial.cpp(154,25): error C2671: Polynomial::/: статические функции-члены не имеют указателей "this"
C:\Users\sasch\OneDrive\Рабочий стол\Programs\Learning\Прога\Algebra-of-polynomials\Algebra-of-Polynomials\libs\polynomial\polynomial.cpp(155,32): error C2671: Polynomial::/: статические функции-члены не имеют указателей "this"
C:\Users\sasch\OneDrive\Рабочий стол\Programs\Learning\Прога\Algebra-of-polynomials\Algebra-of-Polynomials\libs\polynomial\polynomial.cpp(162,24): error C2511: Polynomial Polynomial::operator /(Polynomial): перегруженная функция-член не найдена в "Polynomial"
C:\Users\sasch\OneDrive\Рабочий стол\Programs\Learning\Прога\Algebra-of-polynomials\Algebra-of-Polynomials\libs\polynomial\../polynomial/polynomial.h(13): message : см. объявление "Polynomial"
C:\Users\sasch\OneDrive\Рабочий стол\Programs\Learning\Прога\Algebra-of-polynomials\Algebra-of-Polynomials\libs\polynomial\polynomial.cpp(163,24): error C2264: Polynomial::Polynomial: ошибка в определении или объявлении функции; функция не вызвана
C:\Users\sasch\OneDrive\Рабочий стол\Programs\Learning\Прога\Algebra-of-polynomials\Algebra-of-Polynomials\libs\polynomial\polynomial.cpp(164,29): error C2671: Polynomial::/: статические функции-члены не имеют указателей "this"
C:\Users\sasch\OneDrive\Рабочий стол\Programs\Learning\Прога\Algebra-of-polynomials\Algebra-of-Polynomials\libs\polynomial\polynomial.cpp(165,22): error C2039: "list": не является членом "Polynomial".
C:\Users\sasch\OneDrive\Рабочий стол\Programs\Learning\Прога\Algebra-of-polynomials\Algebra-of-Polynomials\libs\polynomial\../polynomial/polynomial.h(13): message : см. объявление "Polynomial"
C:\Users\sasch\OneDrive\Рабочий стол\Programs\Learning\Прога\Algebra-of-polynomials\Algebra-of-Polynomials\libs\polynomial\polynomial.cpp(166,19): error C2039: "list": не является членом "Polynomial".
C:\Users\sasch\OneDrive\Рабочий стол\Programs\Learning\Прога\Algebra-of-polynomials\Algebra-of-Polynomials\libs\polynomial\../polynomial/polynomial.h(13): message : см. объявление "Polynomial"
C:\Users\sasch\OneDrive\Рабочий стол\Programs\Learning\Прога\Algebra-of-polynomials\Algebra-of-Polynomials\libs\polynomial\polynomial.cpp(166,57): error C2039: "list": не является членом "Polynomial".
C:\Users\sasch\OneDrive\Рабочий стол\Programs\Learning\Прога\Algebra-of-polynomials\Algebra-of-Polynomials\libs\polynomial\../polynomial/polynomial.h(13): message : см. объявление "Polynomial"
C:\Users\sasch\OneDrive\Рабочий стол\Programs\Learning\Прога\Algebra-of-polynomials\Algebra-of-Polynomials\libs\polynomial\polynomial.cpp(167,19): error C2039: "list": не является членом "Polynomial".
C:\Users\sasch\OneDrive\Рабочий стол\Programs\Learning\Прога\Algebra-of-polynomials\Algebra-of-Polynomials\libs\polynomial\../polynomial/polynomial.h(13): message : см. объявление "Polynomial"
C:\Users\sasch\OneDrive\Рабочий стол\Programs\Learning\Прога\Algebra-of-polynomials\Algebra-of-Polynomials\libs\polynomial\polynomial.cpp(167,57): error C2039: "list": не является членом "Polynomial".
C:\Users\sasch\OneDrive\Рабочий стол\Programs\Learning\Прога\Algebra-of-polynomials\Algebra-of-Polynomials\libs\polynomial\../polynomial/polynomial.h(13): message : см. объявление "Polynomial"
C:\Users\sasch\OneDrive\Рабочий стол\Programs\Learning\Прога\Algebra-of-polynomials\Algebra-of-Polynomials\libs\polynomial\polynomial.cpp(168,19): error C2039: "list": не является членом "Polynomial".
C:\Users\sasch\OneDrive\Рабочий стол\Programs\Learning\Прога\Algebra-of-polynomials\Algebra-of-Polynomials\libs\polynomial\../polynomial/polynomial.h(13): message : см. объявление "Polynomial"
C:\Users\sasch\OneDrive\Рабочий стол\Programs\Learning\Прога\Algebra-of-polynomials\Algebra-of-Polynomials\libs\polynomial\polynomial.cpp(168,57): error C2039: "list": не является членом "Polynomial".
C:\Users\sasch\OneDrive\Рабочий стол\Programs\Learning\Прога\Algebra-of-polynomials\Algebra-of-Polynomials\libs\polynomial\../polynomial/polynomial.h(13): message : см. объявление "Polynomial"
C:\Users\sasch\OneDrive\Рабочий стол\Programs\Learning\Прога\Algebra-of-polynomials\Algebra-of-Polynomials\libs\polynomial\polynomial.cpp(169,42): error C2039: "list": не является членом "Polynomial".
C:\Users\sasch\OneDrive\Рабочий стол\Programs\Learning\Прога\Algebra-of-polynomials\Algebra-of-Polynomials\libs\polynomial\../polynomial/polynomial.h(13): message : см. объявление "Polynomial"
C:\Users\sasch\OneDrive\Рабочий стол\Programs\Learning\Прога\Algebra-of-polynomials\Algebra-of-Polynomials\libs\polynomial\polynomial.cpp(169,46): fatal  error C1003: число ошибок превышает 100; остановка компиляции
